"*** 07/01/2019 - 17:24:41 ***"
"- DESCRIZIONE ERRORE: Nessun valore predefinito per il parametro @NumeroDoc_PA."
"- NOME PROCEDURA:    in System.Data.OleDb.OleDbCommand.ExecuteCommandTextErrorHandling(OleDbHResult hr)
   in System.Data.OleDb.OleDbCommand.ExecuteCommandTextForSingleResult(tagDBPARAMS dbParams, Object& executeResult)
   in System.Data.OleDb.OleDbCommand.ExecuteCommandText(Object& executeResult)
   in System.Data.OleDb.OleDbCommand.ExecuteCommand(CommandBehavior behavior, Object& executeResult)
   in System.Data.OleDb.OleDbCommand.ExecuteReaderInternal(CommandBehavior behavior, String method)
   in System.Data.OleDb.OleDbCommand.ExecuteNonQuery()
   in Hospitality_Solution.Documenti.InserisciDati(String tabella) in D:\Montana Software - Progetti\Hospitality Solution\Versione 3.3.1.0\Codice\Classi\Documenti.vb:riga 445"
"
"
"*** 09/01/2019 - 20:42:47 ***"
"- DESCRIZIONE ERRORE: Nessun valore specificato per alcuni parametri necessari."
"- NOME PROCEDURA:    in System.Data.OleDb.OleDbCommand.ExecuteCommandTextErrorHandling(OleDbHResult hr)
   in System.Data.OleDb.OleDbCommand.ExecuteCommandTextForSingleResult(tagDBPARAMS dbParams, Object& executeResult)
   in System.Data.OleDb.OleDbCommand.ExecuteCommandText(Object& executeResult)
   in System.Data.OleDb.OleDbCommand.ExecuteCommand(CommandBehavior behavior, Object& executeResult)
   in System.Data.OleDb.OleDbCommand.ExecuteReaderInternal(CommandBehavior behavior, String method)
   in System.Data.OleDb.OleDbCommand.ExecuteNonQuery()
   in Hospitality_Solution.Anagrafiche.Azienda.ModificaDati(String tabella, Int32 codice)"
"
"
"*** 09/01/2019 - 20:43:34 ***"
"- DESCRIZIONE ERRORE: Nessun valore specificato per alcuni parametri necessari."
"- NOME PROCEDURA:    in System.Data.OleDb.OleDbCommand.ExecuteCommandTextErrorHandling(OleDbHResult hr)
   in System.Data.OleDb.OleDbCommand.ExecuteCommandTextForSingleResult(tagDBPARAMS dbParams, Object& executeResult)
   in System.Data.OleDb.OleDbCommand.ExecuteCommandText(Object& executeResult)
   in System.Data.OleDb.OleDbCommand.ExecuteCommand(CommandBehavior behavior, Object& executeResult)
   in System.Data.OleDb.OleDbCommand.ExecuteReaderInternal(CommandBehavior behavior, String method)
   in System.Data.OleDb.OleDbCommand.ExecuteNonQuery()
   in Hospitality_Solution.Anagrafiche.Azienda.ModificaDati(String tabella, Int32 codice)"
"
"
"*** 09/01/2019 - 20:56:59 ***"
"- DESCRIZIONE ERRORE: Index e length devono fare riferimento a una posizione nella stringa.
Nome parametro: length"
"- NOME PROCEDURA:    in System.String.Substring(Int32 startIndex, Int32 length)
   in Hospitality_Solution.frmAzienda.Salva()"
"
"
"*** 09/01/2019 - 20:57:51 ***"
"- DESCRIZIONE ERRORE: Nessun valore specificato per alcuni parametri necessari."
"- NOME PROCEDURA:    in System.Data.OleDb.OleDbCommand.ExecuteCommandTextErrorHandling(OleDbHResult hr)
   in System.Data.OleDb.OleDbCommand.ExecuteCommandTextForSingleResult(tagDBPARAMS dbParams, Object& executeResult)
   in System.Data.OleDb.OleDbCommand.ExecuteCommandText(Object& executeResult)
   in System.Data.OleDb.OleDbCommand.ExecuteCommand(CommandBehavior behavior, Object& executeResult)
   in System.Data.OleDb.OleDbCommand.ExecuteReaderInternal(CommandBehavior behavior, String method)
   in System.Data.OleDb.OleDbCommand.ExecuteNonQuery()
   in Hospitality_Solution.Anagrafiche.Azienda.ModificaDati(String tabella, Int32 codice)"
"
"
"*** 09/01/2019 - 20:58:37 ***"
"- DESCRIZIONE ERRORE: Index e length devono fare riferimento a una posizione nella stringa.
Nome parametro: length"
"- NOME PROCEDURA:    in System.String.Substring(Int32 startIndex, Int32 length)
   in Hospitality_Solution.frmAzienda.Salva()"
"
"
"*** 09/01/2019 - 20:59:01 ***"
"- DESCRIZIONE ERRORE: Nessun valore specificato per alcuni parametri necessari."
"- NOME PROCEDURA:    in System.Data.OleDb.OleDbCommand.ExecuteCommandTextErrorHandling(OleDbHResult hr)
   in System.Data.OleDb.OleDbCommand.ExecuteCommandTextForSingleResult(tagDBPARAMS dbParams, Object& executeResult)
   in System.Data.OleDb.OleDbCommand.ExecuteCommandText(Object& executeResult)
   in System.Data.OleDb.OleDbCommand.ExecuteCommand(CommandBehavior behavior, Object& executeResult)
   in System.Data.OleDb.OleDbCommand.ExecuteReaderInternal(CommandBehavior behavior, String method)
   in System.Data.OleDb.OleDbCommand.ExecuteNonQuery()
   in Hospitality_Solution.Anagrafiche.Azienda.ModificaDati(String tabella, Int32 codice)"
"
"
"*** 09/01/2019 - 21:03:19 ***"
"- DESCRIZIONE ERRORE: Nessun valore specificato per alcuni parametri necessari."
"- NOME PROCEDURA:    in System.Data.OleDb.OleDbCommand.ExecuteCommandTextErrorHandling(OleDbHResult hr)
   in System.Data.OleDb.OleDbCommand.ExecuteCommandTextForSingleResult(tagDBPARAMS dbParams, Object& executeResult)
   in System.Data.OleDb.OleDbCommand.ExecuteCommandText(Object& executeResult)
   in System.Data.OleDb.OleDbCommand.ExecuteCommand(CommandBehavior behavior, Object& executeResult)
   in System.Data.OleDb.OleDbCommand.ExecuteReaderInternal(CommandBehavior behavior, String method)
   in System.Data.OleDb.OleDbCommand.ExecuteNonQuery()
   in Hospitality_Solution.Anagrafiche.Azienda.ModificaDati(String tabella, Int32 codice) in D:\Montana Software - Progetti\Hospitality Solution\Versione 3.3.1.0\Codice\Classi\AnagTab.vb:riga 745"
"
"
"*** 09/01/2019 - 21:14:20 ***"
"- DESCRIZIONE ERRORE: Nessun valore specificato per alcuni parametri necessari."
"- NOME PROCEDURA:    in System.Data.OleDb.OleDbCommand.ExecuteCommandTextErrorHandling(OleDbHResult hr)
   in System.Data.OleDb.OleDbCommand.ExecuteCommandTextForSingleResult(tagDBPARAMS dbParams, Object& executeResult)
   in System.Data.OleDb.OleDbCommand.ExecuteCommandText(Object& executeResult)
   in System.Data.OleDb.OleDbCommand.ExecuteCommand(CommandBehavior behavior, Object& executeResult)
   in System.Data.OleDb.OleDbCommand.ExecuteReaderInternal(CommandBehavior behavior, String method)
   in System.Data.OleDb.OleDbCommand.ExecuteNonQuery()
   in Hospitality_Solution.Anagrafiche.Azienda.ModificaDati(String tabella, Int32 codice) in D:\Montana Software - Progetti\Hospitality Solution\Versione 3.3.1.0\Codice\Classi\AnagTab.vb:riga 746"
"
"
"*** 09/01/2019 - 21:15:06 ***"
"- DESCRIZIONE ERRORE: Nessun valore specificato per alcuni parametri necessari."
"- NOME PROCEDURA:    in System.Data.OleDb.OleDbCommand.ExecuteCommandTextErrorHandling(OleDbHResult hr)
   in System.Data.OleDb.OleDbCommand.ExecuteCommandTextForSingleResult(tagDBPARAMS dbParams, Object& executeResult)
   in System.Data.OleDb.OleDbCommand.ExecuteCommandText(Object& executeResult)
   in System.Data.OleDb.OleDbCommand.ExecuteCommand(CommandBehavior behavior, Object& executeResult)
   in System.Data.OleDb.OleDbCommand.ExecuteReaderInternal(CommandBehavior behavior, String method)
   in System.Data.OleDb.OleDbCommand.ExecuteNonQuery()
   in Hospitality_Solution.Anagrafiche.Azienda.ModificaDati(String tabella, Int32 codice) in D:\Montana Software - Progetti\Hospitality Solution\Versione 3.3.1.0\Codice\Classi\AnagTab.vb:riga 746"
"
"
"*** 09/01/2019 - 21:19:55 ***"
"- DESCRIZIONE ERRORE: Nessun valore specificato per alcuni parametri necessari."
"- NOME PROCEDURA:    in System.Data.OleDb.OleDbCommand.ExecuteCommandTextErrorHandling(OleDbHResult hr)
   in System.Data.OleDb.OleDbCommand.ExecuteCommandTextForSingleResult(tagDBPARAMS dbParams, Object& executeResult)
   in System.Data.OleDb.OleDbCommand.ExecuteCommandText(Object& executeResult)
   in System.Data.OleDb.OleDbCommand.ExecuteCommand(CommandBehavior behavior, Object& executeResult)
   in System.Data.OleDb.OleDbCommand.ExecuteReaderInternal(CommandBehavior behavior, String method)
   in System.Data.OleDb.OleDbCommand.ExecuteNonQuery()
   in Hospitality_Solution.Anagrafiche.Azienda.ModificaDati(String tabella, Int32 codice) in D:\Montana Software - Progetti\Hospitality Solution\Versione 3.3.1.0\Codice\Classi\AnagTab.vb:riga 746"
"
"
"*** 09/01/2019 - 21:20:16 ***"
"- DESCRIZIONE ERRORE: Nessun valore specificato per alcuni parametri necessari."
"- NOME PROCEDURA:    in System.Data.OleDb.OleDbCommand.ExecuteCommandTextErrorHandling(OleDbHResult hr)
   in System.Data.OleDb.OleDbCommand.ExecuteCommandTextForSingleResult(tagDBPARAMS dbParams, Object& executeResult)
   in System.Data.OleDb.OleDbCommand.ExecuteCommandText(Object& executeResult)
   in System.Data.OleDb.OleDbCommand.ExecuteCommand(CommandBehavior behavior, Object& executeResult)
   in System.Data.OleDb.OleDbCommand.ExecuteReaderInternal(CommandBehavior behavior, String method)
   in System.Data.OleDb.OleDbCommand.ExecuteNonQuery()
   in Hospitality_Solution.Anagrafiche.Azienda.ModificaDati(String tabella, Int32 codice) in D:\Montana Software - Progetti\Hospitality Solution\Versione 3.3.1.0\Codice\Classi\AnagTab.vb:riga 746"
"
"
"*** 09/01/2019 - 21:20:56 ***"
"- DESCRIZIONE ERRORE: Nessun valore specificato per alcuni parametri necessari."
"- NOME PROCEDURA:    in System.Data.OleDb.OleDbCommand.ExecuteCommandTextErrorHandling(OleDbHResult hr)
   in System.Data.OleDb.OleDbCommand.ExecuteCommandTextForSingleResult(tagDBPARAMS dbParams, Object& executeResult)
   in System.Data.OleDb.OleDbCommand.ExecuteCommandText(Object& executeResult)
   in System.Data.OleDb.OleDbCommand.ExecuteCommand(CommandBehavior behavior, Object& executeResult)
   in System.Data.OleDb.OleDbCommand.ExecuteReaderInternal(CommandBehavior behavior, String method)
   in System.Data.OleDb.OleDbCommand.ExecuteNonQuery()
   in Hospitality_Solution.Anagrafiche.Azienda.ModificaDati(String tabella, Int32 codice) in D:\Montana Software - Progetti\Hospitality Solution\Versione 3.3.1.0\Codice\Classi\AnagTab.vb:riga 746"
"
"
"*** 09/01/2019 - 21:24:55 ***"
"- DESCRIZIONE ERRORE: Nessun valore specificato per alcuni parametri necessari."
"- NOME PROCEDURA:    in System.Data.OleDb.OleDbCommand.ExecuteCommandTextErrorHandling(OleDbHResult hr)
   in System.Data.OleDb.OleDbCommand.ExecuteCommandTextForSingleResult(tagDBPARAMS dbParams, Object& executeResult)
   in System.Data.OleDb.OleDbCommand.ExecuteCommandText(Object& executeResult)
   in System.Data.OleDb.OleDbCommand.ExecuteCommand(CommandBehavior behavior, Object& executeResult)
   in System.Data.OleDb.OleDbCommand.ExecuteReaderInternal(CommandBehavior behavior, String method)
   in System.Data.OleDb.OleDbCommand.ExecuteNonQuery()
   in Hospitality_Solution.Anagrafiche.Azienda.ModificaDati(String tabella, Int32 codice) in D:\Montana Software - Progetti\Hospitality Solution\Versione 3.3.1.0\Codice\Classi\AnagTab.vb:riga 746"
"
"
"*** 09/01/2019 - 21:32:30 ***"
"- DESCRIZIONE ERRORE: Impossibile aggiungere la quantità di dati desiderata. Inserire o incollare meno dati."
"- NOME PROCEDURA:    in System.Data.OleDb.OleDbCommand.ExecuteCommandTextErrorHandling(OleDbHResult hr)
   in System.Data.OleDb.OleDbCommand.ExecuteCommandTextForSingleResult(tagDBPARAMS dbParams, Object& executeResult)
   in System.Data.OleDb.OleDbCommand.ExecuteCommandText(Object& executeResult)
   in System.Data.OleDb.OleDbCommand.ExecuteCommand(CommandBehavior behavior, Object& executeResult)
   in System.Data.OleDb.OleDbCommand.ExecuteReaderInternal(CommandBehavior behavior, String method)
   in System.Data.OleDb.OleDbCommand.ExecuteNonQuery()
   in Hospitality_Solution.Anagrafiche.Azienda.ModificaDati(String tabella, Int32 codice) in D:\Montana Software - Progetti\Hospitality Solution\Versione 3.3.1.0\Codice\Classi\AnagTab.vb:riga 745"
"
"
"*** 12/01/2019 - 15:27:39 ***"
"- DESCRIZIONE ERRORE: Nessun valore specificato per alcuni parametri necessari."
"- NOME PROCEDURA:    in System.Data.OleDb.OleDbCommand.ExecuteCommandTextErrorHandling(OleDbHResult hr)
   in System.Data.OleDb.OleDbCommand.ExecuteCommandTextForSingleResult(tagDBPARAMS dbParams, Object& executeResult)
   in System.Data.OleDb.OleDbCommand.ExecuteCommandText(Object& executeResult)
   in System.Data.OleDb.OleDbCommand.ExecuteCommand(CommandBehavior behavior, Object& executeResult)
   in System.Data.OleDb.OleDbCommand.ExecuteReaderInternal(CommandBehavior behavior, String method)
   in System.Data.OleDb.OleDbCommand.ExecuteReader(CommandBehavior behavior)
   in System.Data.OleDb.OleDbCommand.System.Data.IDbCommand.ExecuteReader(CommandBehavior behavior)
   in System.Data.Common.DbDataAdapter.FillInternal(DataSet dataset, DataTable[] datatables, Int32 startRecord, Int32 maxRecords, String srcTable, IDbCommand command, CommandBehavior behavior)
   in System.Data.Common.DbDataAdapter.Fill(DataTable[] dataTables, Int32 startRecord, Int32 maxRecords, IDbCommand command, CommandBehavior behavior)
   in System.Data.Common.DbDataAdapter.Fill(DataTable dataTable)
   in Hospitality_Solution.HospitalityDataSetTableAdapters.AziendaTableAdapter.Fill(AziendaDataTable dataTable) in D:\Montana Software - Progetti\Hospitality Solution\Versione 3.3.1.0\HospitalityDataSet.Designer.vb:riga 17038
   in Hospitality_Solution.RepDocumenti.ReportViewer_Load(Object sender, EventArgs e) in D:\Montana Software - Progetti\Hospitality Solution\Versione 3.3.1.0\Codice\ReportsViewer\RepDocumenti.vb:riga 62"
"
"
"*** 12/01/2019 - 15:42:31 ***"
"- DESCRIZIONE ERRORE: Nessun valore specificato per alcuni parametri necessari."
"- NOME PROCEDURA:    in System.Data.OleDb.OleDbCommand.ExecuteCommandTextErrorHandling(OleDbHResult hr)
   in System.Data.OleDb.OleDbCommand.ExecuteCommandTextForSingleResult(tagDBPARAMS dbParams, Object& executeResult)
   in System.Data.OleDb.OleDbCommand.ExecuteCommandText(Object& executeResult)
   in System.Data.OleDb.OleDbCommand.ExecuteCommand(CommandBehavior behavior, Object& executeResult)
   in System.Data.OleDb.OleDbCommand.ExecuteReaderInternal(CommandBehavior behavior, String method)
   in System.Data.OleDb.OleDbCommand.ExecuteReader(CommandBehavior behavior)
   in System.Data.OleDb.OleDbCommand.System.Data.IDbCommand.ExecuteReader(CommandBehavior behavior)
   in System.Data.Common.DbDataAdapter.FillInternal(DataSet dataset, DataTable[] datatables, Int32 startRecord, Int32 maxRecords, String srcTable, IDbCommand command, CommandBehavior behavior)
   in System.Data.Common.DbDataAdapter.Fill(DataTable[] dataTables, Int32 startRecord, Int32 maxRecords, IDbCommand command, CommandBehavior behavior)
   in System.Data.Common.DbDataAdapter.Fill(DataTable dataTable)
   in Hospitality_Solution.HospitalityDataSetTableAdapters.AziendaTableAdapter.Fill(AziendaDataTable dataTable) in D:\Montana Software - Progetti\Hospitality Solution\Versione 3.3.1.0\HospitalityDataSet.Designer.vb:riga 17038
   in Hospitality_Solution.RepDocumenti.ReportViewer_Load(Object sender, EventArgs e) in D:\Montana Software - Progetti\Hospitality Solution\Versione 3.3.1.0\Codice\ReportsViewer\RepDocumenti.vb:riga 62"
"
"
"*** 12/01/2019 - 15:53:25 ***"
"- DESCRIZIONE ERRORE: Nessun valore specificato per alcuni parametri necessari."
"- NOME PROCEDURA:    in System.Data.OleDb.OleDbCommand.ExecuteCommandTextErrorHandling(OleDbHResult hr)
   in System.Data.OleDb.OleDbCommand.ExecuteCommandTextForSingleResult(tagDBPARAMS dbParams, Object& executeResult)
   in System.Data.OleDb.OleDbCommand.ExecuteCommandText(Object& executeResult)
   in System.Data.OleDb.OleDbCommand.ExecuteCommand(CommandBehavior behavior, Object& executeResult)
   in System.Data.OleDb.OleDbCommand.ExecuteReaderInternal(CommandBehavior behavior, String method)
   in System.Data.OleDb.OleDbCommand.ExecuteReader(CommandBehavior behavior)
   in System.Data.OleDb.OleDbCommand.System.Data.IDbCommand.ExecuteReader(CommandBehavior behavior)
   in System.Data.Common.DbDataAdapter.FillInternal(DataSet dataset, DataTable[] datatables, Int32 startRecord, Int32 maxRecords, String srcTable, IDbCommand command, CommandBehavior behavior)
   in System.Data.Common.DbDataAdapter.Fill(DataTable[] dataTables, Int32 startRecord, Int32 maxRecords, IDbCommand command, CommandBehavior behavior)
   in System.Data.Common.DbDataAdapter.Fill(DataTable dataTable)
   in Hospitality_Solution.HospitalityDataSetTableAdapters.AziendaTableAdapter.Fill(AziendaDataTable dataTable) in D:\Montana Software - Progetti\Hospitality Solution\Versione 3.3.1.0\HospitalityDataSet.Designer.vb:riga 17038
   in Hospitality_Solution.RepDocumenti.ReportViewer_Load(Object sender, EventArgs e) in D:\Montana Software - Progetti\Hospitality Solution\Versione 3.3.1.0\Codice\ReportsViewer\RepDocumenti.vb:riga 62"
"
"
"*** 12/01/2019 - 15:54:00 ***"
"- DESCRIZIONE ERRORE: Nessun valore specificato per alcuni parametri necessari."
"- NOME PROCEDURA:    in System.Data.OleDb.OleDbCommand.ExecuteCommandTextErrorHandling(OleDbHResult hr)
   in System.Data.OleDb.OleDbCommand.ExecuteCommandTextForSingleResult(tagDBPARAMS dbParams, Object& executeResult)
   in System.Data.OleDb.OleDbCommand.ExecuteCommandText(Object& executeResult)
   in System.Data.OleDb.OleDbCommand.ExecuteCommand(CommandBehavior behavior, Object& executeResult)
   in System.Data.OleDb.OleDbCommand.ExecuteReaderInternal(CommandBehavior behavior, String method)
   in System.Data.OleDb.OleDbCommand.ExecuteReader(CommandBehavior behavior)
   in System.Data.OleDb.OleDbCommand.System.Data.IDbCommand.ExecuteReader(CommandBehavior behavior)
   in System.Data.Common.DbDataAdapter.FillInternal(DataSet dataset, DataTable[] datatables, Int32 startRecord, Int32 maxRecords, String srcTable, IDbCommand command, CommandBehavior behavior)
   in System.Data.Common.DbDataAdapter.Fill(DataTable[] dataTables, Int32 startRecord, Int32 maxRecords, IDbCommand command, CommandBehavior behavior)
   in System.Data.Common.DbDataAdapter.Fill(DataTable dataTable)
   in Hospitality_Solution.HospitalityDataSetTableAdapters.AziendaTableAdapter.Fill(AziendaDataTable dataTable) in D:\Montana Software - Progetti\Hospitality Solution\Versione 3.3.1.0\HospitalityDataSet.Designer.vb:riga 17038
   in Hospitality_Solution.RepDocumenti.ReportViewer_Load(Object sender, EventArgs e) in D:\Montana Software - Progetti\Hospitality Solution\Versione 3.3.1.0\Codice\ReportsViewer\RepDocumenti.vb:riga 62"
"
"
"*** 12/01/2019 - 16:49:29 ***"
"- DESCRIZIONE ERRORE: ""D:\Montana Software - Progetti\Hospitality Solution\Versione 3.3.1.0\bin\bin\Archivi\Hospitality.mdb"" non è un percorso valido. Assicurarsi che il nome del percorso sia corretto e di essere collegati al server in cui si trova il file."
"- NOME PROCEDURA:    in System.Data.OleDb.OleDbConnectionInternal..ctor(OleDbConnectionString constr, OleDbConnection connection)
   in System.Data.OleDb.OleDbConnectionFactory.CreateConnection(DbConnectionOptions options, DbConnectionPoolKey poolKey, Object poolGroupProviderInfo, DbConnectionPool pool, DbConnection owningObject)
   in System.Data.ProviderBase.DbConnectionFactory.CreateConnection(DbConnectionOptions options, DbConnectionPoolKey poolKey, Object poolGroupProviderInfo, DbConnectionPool pool, DbConnection owningConnection, DbConnectionOptions userOptions)
   in System.Data.ProviderBase.DbConnectionFactory.CreateNonPooledConnection(DbConnection owningConnection, DbConnectionPoolGroup poolGroup, DbConnectionOptions userOptions)
   in System.Data.ProviderBase.DbConnectionFactory.TryGetConnection(DbConnection owningConnection, TaskCompletionSource`1 retry, DbConnectionOptions userOptions, DbConnectionInternal oldConnection, DbConnectionInternal& connection)
   in System.Data.ProviderBase.DbConnectionInternal.TryOpenConnectionInternal(DbConnection outerConnection, DbConnectionFactory connectionFactory, TaskCompletionSource`1 retry, DbConnectionOptions userOptions)
   in System.Data.ProviderBase.DbConnectionClosed.TryOpenConnection(DbConnection outerConnection, DbConnectionFactory connectionFactory, TaskCompletionSource`1 retry, DbConnectionOptions userOptions)
   in System.Data.ProviderBase.DbConnectionInternal.OpenConnection(DbConnection outerConnection, DbConnectionFactory connectionFactory)
   in System.Data.OleDb.OleDbConnection.Open()
   in System.Data.Common.DbDataAdapter.FillInternal(DataSet dataset, DataTable[] datatables, Int32 startRecord, Int32 maxRecords, String srcTable, IDbCommand command, CommandBehavior behavior)
   in System.Data.Common.DbDataAdapter.Fill(DataTable[] dataTables, Int32 startRecord, Int32 maxRecords, IDbCommand command, CommandBehavior behavior)
   in System.Data.Common.DbDataAdapter.Fill(DataTable dataTable)
   in Hospitality_Solution.HospitalityDataSetTableAdapters.AziendaTableAdapter.Fill(AziendaDataTable dataTable) in D:\Montana Software - Progetti\Hospitality Solution\Versione 3.3.1.0\HospitalityDataSet.Designer.vb:riga 25145
   in Hospitality_Solution.RepDocumenti.ReportViewer_Load(Object sender, EventArgs e) in D:\Montana Software - Progetti\Hospitality Solution\Versione 3.3.1.0\Codice\ReportsViewer\RepDocumenti.vb:riga 62"
"
"
"*** 19/01/2019 - 13:35:34 ***"
"- DESCRIZIONE ERRORE: Nessun valore predefinito per il parametro @Immagine."
"- NOME PROCEDURA:    in System.Data.OleDb.OleDbCommand.ExecuteCommandTextErrorHandling(OleDbHResult hr)
   in System.Data.OleDb.OleDbCommand.ExecuteCommandTextForSingleResult(tagDBPARAMS dbParams, Object& executeResult)
   in System.Data.OleDb.OleDbCommand.ExecuteCommandText(Object& executeResult)
   in System.Data.OleDb.OleDbCommand.ExecuteCommand(CommandBehavior behavior, Object& executeResult)
   in System.Data.OleDb.OleDbCommand.ExecuteReaderInternal(CommandBehavior behavior, String method)
   in System.Data.OleDb.OleDbCommand.ExecuteNonQuery()
   in Hospitality_Solution.Anagrafiche.Cliente.ModificaDati(String tabella, String codice)"
"
"
